<?xml version="1.0" encoding="UTF-8"?>
<testsuite xmlns:xsi="http://www.w3.org/2001/XMLSchema-instance" xsi:noNamespaceSchemaLocation="https://maven.apache.org/surefire/maven-surefire-plugin/xsd/surefire-test-report.xsd" version="3.0.2" name="com.pokedex.pokedex_api.PokedexApiApplicationTests" time="5.286" tests="1" errors="0" skipped="0" failures="0">
  <properties>
[...]
</properties>
  <testcase name="contextLoads" classname="com.pokedex.pokedex_api.PokedexApiApplicationTests" time="0.28">
    <system-out><![CDATA[15:42:25.455 [main] INFO org.springframework.test.context.support.AnnotationConfigContextLoaderUtils -- Could not detect default configuration classes for test class [com.pokedex.pokedex_api.PokedexApiApplicationTests]: PokedexApiApplicationTests does not declare any static, non-private, non-final, nested classes annotated with @Configuration.
15:42:25.554 [main] INFO org.springframework.boot.test.context.SpringBootTestContextBootstrapper -- Found @SpringBootConfiguration com.pokedex.pokedex_api.PokedexApiApplication for test class com.pokedex.pokedex_api.PokedexApiApplicationTests
15:42:25.671 [main] INFO org.springframework.boot.devtools.restart.RestartApplicationListener -- Restart disabled due to context in which it is running

  .   ____          _            __ _ _
 /\\ / ___'_ __ _ _(_)_ __  __ _ \ \ \ \
( ( )\___ | '_ | '_| | '_ \/ _` | \ \ \ \
 \\/  ___)| |_)| | | | | || (_| |  ) ) ) )
  '  |____| .__|_| |_|_| |_\__, | / / / /
 =========|_|==============|___/=/_/_/_/

 :: Spring Boot ::                (v3.4.5)

2025-05-24T15:42:25.903-05:00  INFO 15960 --- [pokedex-api] [           main] c.p.p.PokedexApiApplicationTests         : Starting PokedexApiApplicationTests using Java 24.0.1 with PID 15960 (started by User in C:\Users\User\Desktop\Poli\Semestre 9\Programación Distribuida\pokedex-api\pokedex-api)
2025-05-24T15:42:25.905-05:00  INFO 15960 --- [pokedex-api] [           main] c.p.p.PokedexApiApplicationTests         : No active profile set, falling back to 1 default profile: "default"
2025-05-24T15:42:26.731-05:00  INFO 15960 --- [pokedex-api] [           main] .s.d.r.c.RepositoryConfigurationDelegate : Bootstrapping Spring Data JPA repositories in DEFAULT mode.
2025-05-24T15:42:26.773-05:00  INFO 15960 --- [pokedex-api] [           main] .s.d.r.c.RepositoryConfigurationDelegate : Finished Spring Data repository scanning in 34 ms. Found 3 JPA repository interfaces.
2025-05-24T15:42:27.372-05:00  INFO 15960 --- [pokedex-api] [           main] o.hibernate.jpa.internal.util.LogHelper  : HHH000204: Processing PersistenceUnitInfo [name: default]
2025-05-24T15:42:27.432-05:00  INFO 15960 --- [pokedex-api] [           main] org.hibernate.Version                    : HHH000412: Hibernate ORM core version 6.6.13.Final
2025-05-24T15:42:27.463-05:00  INFO 15960 --- [pokedex-api] [           main] o.h.c.internal.RegionFactoryInitiator    : HHH000026: Second-level cache disabled
2025-05-24T15:42:27.733-05:00  INFO 15960 --- [pokedex-api] [           main] o.s.o.j.p.SpringPersistenceUnitInfo      : No LoadTimeWeaver setup: ignoring JPA class transformer
2025-05-24T15:42:27.755-05:00  INFO 15960 --- [pokedex-api] [           main] com.zaxxer.hikari.HikariDataSource       : HikariPool-1 - Starting...
2025-05-24T15:42:27.987-05:00  INFO 15960 --- [pokedex-api] [           main] com.zaxxer.hikari.pool.HikariPool        : HikariPool-1 - Added connection com.mysql.cj.jdbc.ConnectionImpl@6eb5b9e7
2025-05-24T15:42:27.988-05:00  INFO 15960 --- [pokedex-api] [           main] com.zaxxer.hikari.HikariDataSource       : HikariPool-1 - Start completed.
2025-05-24T15:42:28.053-05:00  INFO 15960 --- [pokedex-api] [           main] org.hibernate.orm.connections.pooling    : HHH10001005: Database info:
	Database JDBC URL [Connecting through datasource 'HikariDataSource (HikariPool-1)']
	Database driver: undefined/unknown
	Database version: 8.0.42
	Autocommit mode: undefined/unknown
	Isolation level: undefined/unknown
	Minimum pool size: undefined/unknown
	Maximum pool size: undefined/unknown
2025-05-24T15:42:28.645-05:00  INFO 15960 --- [pokedex-api] [           main] o.h.e.t.j.p.i.JtaPlatformInitiator       : HHH000489: No JTA platform available (set 'hibernate.transaction.jta.platform' to enable JTA platform integration)
2025-05-24T15:42:28.686-05:00  INFO 15960 --- [pokedex-api] [           main] j.LocalContainerEntityManagerFactoryBean : Initialized JPA EntityManagerFactory for persistence unit 'default'
2025-05-24T15:42:29.135-05:00  INFO 15960 --- [pokedex-api] [           main] eAuthenticationProviderManagerConfigurer : Global AuthenticationManager configured with AuthenticationProvider bean with name authenticationProvider
2025-05-24T15:42:29.135-05:00  WARN 15960 --- [pokedex-api] [           main] r$InitializeUserDetailsManagerConfigurer : Global AuthenticationManager configured with an AuthenticationProvider bean. UserDetailsService beans will not be used by Spring Security for automatically configuring username/password login. Consider removing the AuthenticationProvider bean. Alternatively, consider using the UserDetailsService in a manually instantiated DaoAuthenticationProvider. If the current configuration is intentional, to turn off this warning, increase the logging level of 'org.springframework.security.config.annotation.authentication.configuration.InitializeUserDetailsBeanManagerConfigurer' to ERROR
2025-05-24T15:42:29.197-05:00  WARN 15960 --- [pokedex-api] [           main] JpaBaseConfiguration$JpaWebConfiguration : spring.jpa.open-in-view is enabled by default. Therefore, database queries may be performed during view rendering. Explicitly configure spring.jpa.open-in-view to disable this warning
2025-05-24T15:42:29.742-05:00  INFO 15960 --- [pokedex-api] [           main] o.s.b.a.e.web.EndpointLinksResolver      : Exposing 1 endpoint beneath base path '/actuator'
2025-05-24T15:42:30.295-05:00  INFO 15960 --- [pokedex-api] [           main] c.p.p.PokedexApiApplicationTests         : Started PokedexApiApplicationTests in 4.631 seconds (process running for 5.458)
]]></system-out>
    <system-err><![CDATA[Mockito is currently self-attaching to enable the inline-mock-maker. This will no longer work in future releases of the JDK. Please add Mockito as an agent to your build what is described in Mockito's documentation: https://javadoc.io/doc/org.mockito/mockito-core/latest/org/mockito/Mockito.html#0.3
WARNING: A Java agent has been loaded dynamically (C:\Users\User\.m2\repository\net\bytebuddy\byte-buddy-agent\1.15.11\byte-buddy-agent-1.15.11.jar)
WARNING: If a serviceability tool is in use, please run with -XX:+EnableDynamicAgentLoading to hide this warning
WARNING: If a serviceability tool is not in use, please run with -Djdk.instrument.traceUsage for more information
WARNING: Dynamic loading of agents will be disallowed by default in a future release
]]></system-err>
  </testcase>
</testsuite>